Wed Aug  6 19:54:32 EDT 2025
$PROBLEM    PPK model
$INPUT      ID DOSE CYCLE TIME DAY DVID DV MDV EVID AMT RATE DUR ADDL
            II
$DATA      pkpd01.csv IGNORE=@ IGNORE(DVID.EQ.2)
$SUBROUTINE ADVAN3 TRANS4
$PK
TVCL = THETA(1)
CL = TVCL * EXP(ETA(1)) ; (L/h) 

TVV1 = THETA(2)
V1 = TVV1 * EXP(ETA(2)) ; (L)

TVQ = THETA(3)
Q = TVQ * EXP(ETA(3)) ; (L/h) 

TVV2 = THETA(4)
V2 = TVV2 * EXP(ETA(4)) ; (L)

S1 = V1
S2 = V2
 
K12 = Q/V1
K21 = Q/V2
K = CL/V1

$ERROR
IPRED = F
IRES  = DV-IPRED
W = SQRT(F*F*THETA(5)**2 + THETA(6)**2)
IWRES = IRES/(W+1E-33)
Y = IPRED + W*EPS(1)   

$THETA  (0,0.02) ; TVCL
 (0,3) ; TVV1
 (0,0.05) ; TVQ
 (0,3) ; TVV2
 (0,0.1) ; PROP_ERR
 0 FIX ; ADD_ERR
$OMEGA  0.1  ;     IIV_CL
 0.1  ;     IIV_V1
 0.1  ;      IIV_Q
 0.1  ;     IIV_V2
$SIGMA  1  FIX  ;      DUMMY
$ESTIMATION METHOD=1 INTER MAXEVAL=9999 PRINT=5 ETASTYPE=1
$COVARIANCE PRINT=E
$TABLE      ID DOSE CYCLE TIME DAY DVID MDV IPRED IWRES CWRES NPDE
            NOPRINT ONEHEADER ESAMPLE=1000 FILE=sdtab000
            FORMAT=,1PE15.8
$TABLE      ID DOSE CL V1 Q V2 ETAS(1:LAST) NOPRINT NOAPPEND ONEHEADER
            FILE=patab000 FORMAT=,1PE15.8
;---------------------------------------------

; THE END OF PROGRAM

;---------------------------------------------


NM-TRAN MESSAGES
  
 WARNINGS AND ERRORS (IF ANY) FOR PROBLEM    1
             
 (WARNING  2) NM-TRAN INFERS THAT THE DATA ARE POPULATION.
  
Note: Analytical 2nd Derivatives are constructed in FSUBS but are never used.
      You may insert $ABBR DERIV2=NO after the first $PROB to save FSUBS construction and compilation time
  

License Registered to: Daiichi Sankyo Pharma
Expiration Date:    14 JUL 2026
Current Date:        6 AUG 2025
Days until program expires : 343
1NONLINEAR MIXED EFFECTS MODEL PROGRAM (NONMEM) VERSION 7.5.1
 ORIGINALLY DEVELOPED BY STUART BEAL, LEWIS SHEINER, AND ALISON BOECKMANN
 CURRENT DEVELOPERS ARE ROBERT BAUER, ICON DEVELOPMENT SOLUTIONS,
 AND ALISON BOECKMANN. IMPLEMENTATION, EFFICIENCY, AND STANDARDIZATION
 PERFORMED BY NOUS INFOSYSTEMS.

 PROBLEM NO.:         1
 PPK model
0DATA CHECKOUT RUN:              NO
 DATA SET LOCATED ON UNIT NO.:    2
 THIS UNIT TO BE REWOUND:        NO
 NO. OF DATA RECS IN DATA SET:     1080
 NO. OF DATA ITEMS IN DATA SET:  14
 ID DATA ITEM IS DATA ITEM NO.:   1
 DEP VARIABLE IS DATA ITEM NO.:   7
 MDV DATA ITEM IS DATA ITEM NO.:  8
0INDICES PASSED TO SUBROUTINE PRED:
   9   4  10  11   0  14   0   0   0   0  13
0LABELS FOR DATA ITEMS:
 ID DOSE CYCLE TIME DAY DVID DV MDV EVID AMT RATE DUR ADDL II
0(NONBLANK) LABELS FOR PRED-DEFINED ITEMS:
 CL V1 Q V2 IPRED IWRES
0FORMAT FOR DATA:
 (E3.0,E5.0,E2.0,E5.0,E19.0,E2.0,E20.0,2E2.0,2E5.0,3E2.0)

 TOT. NO. OF OBS RECS:      936
 TOT. NO. OF INDIVIDUALS:       24
0LENGTH OF THETA:   6
0DEFAULT THETA BOUNDARY TEST OMITTED:    NO
0OMEGA HAS SIMPLE DIAGONAL FORM WITH DIMENSION:   4
0DEFAULT OMEGA BOUNDARY TEST OMITTED:    NO
0SIGMA HAS SIMPLE DIAGONAL FORM WITH DIMENSION:   1
0DEFAULT SIGMA BOUNDARY TEST OMITTED:    NO
0INITIAL ESTIMATE OF THETA:
 LOWER BOUND    INITIAL EST    UPPER BOUND
  0.0000E+00     0.2000E-01     0.1000E+07
  0.0000E+00     0.3000E+01     0.1000E+07
  0.0000E+00     0.5000E-01     0.1000E+07
  0.0000E+00     0.3000E+01     0.1000E+07
  0.0000E+00     0.1000E+00     0.1000E+07
  0.0000E+00     0.0000E+00     0.0000E+00
0INITIAL ESTIMATE OF OMEGA:
 0.1000E+00
 0.0000E+00   0.1000E+00
 0.0000E+00   0.0000E+00   0.1000E+00
 0.0000E+00   0.0000E+00   0.0000E+00   0.1000E+00
0INITIAL ESTIMATE OF SIGMA:
 0.1000E+01
0SIGMA CONSTRAINED TO BE THIS INITIAL ESTIMATE
0COVARIANCE STEP OMITTED:        NO
 EIGENVLS. PRINTED:             YES
 SPECIAL COMPUTATION:            NO
 COMPRESSED FORMAT:              NO
 GRADIENT METHOD USED:     NOSLOW
 SIGDIGITS ETAHAT (SIGLO):                  -1
 SIGDIGITS GRADIENTS (SIGL):                -1
 EXCLUDE COV FOR FOCE (NOFCOV):              NO
 Cholesky Transposition of R Matrix (CHOLROFF):0
 KNUTHSUMOFF:                                -1
 RESUME COV ANALYSIS (RESUME):               NO
 SIR SAMPLE SIZE (SIRSAMPLE):
 NON-LINEARLY TRANSFORM THETAS DURING COV (THBND): 1
 PRECONDTIONING CYCLES (PRECOND):        0
 PRECONDTIONING TYPES (PRECONDS):        TOS
 FORCED PRECONDTIONING CYCLES (PFCOND):0
 PRECONDTIONING TYPE (PRETYPE):        0
 FORCED POS. DEFINITE SETTING DURING PRECONDITIONING: (FPOSDEF):0
 SIMPLE POS. DEFINITE SETTING: (POSDEF):-1
0TABLES STEP OMITTED:    NO
 NO. OF TABLES:           2
 SEED NUMBER (SEED):    11456
 NPDTYPE:    0
 INTERPTYPE:    0
 RANMETHOD:             3U
 MC SAMPLES (ESAMPLE):    1000
 WRES SQUARE ROOT TYPE (WRESCHOL): EIGENVALUE
0-- TABLE   1 --
0RECORDS ONLY:    ALL
04 COLUMNS APPENDED:    YES
 PRINTED:                NO
 HEADERS:               ONE
 FILE TO BE FORWARDED:   NO
 FORMAT:                ,1PE15.8
 IDFORMAT:
 LFORMAT:
 RFORMAT:
 FIXED_EFFECT_ETAS:
0USER-CHOSEN ITEMS:
 ID DOSE CYCLE TIME DAY DVID MDV IPRED IWRES CWRES NPDE
0-- TABLE   2 --
0RECORDS ONLY:    ALL
04 COLUMNS APPENDED:    NO
 PRINTED:                NO
 HEADERS:               ONE
 FILE TO BE FORWARDED:   NO
 FORMAT:                ,1PE15.8
 IDFORMAT:
 LFORMAT:
 RFORMAT:
 FIXED_EFFECT_ETAS:
0USER-CHOSEN ITEMS:
 ID DOSE CL V1 Q V2 ETA1 ETA2 ETA3 ETA4
1DOUBLE PRECISION PREDPP VERSION 7.5.1

 TWO COMPARTMENT MODEL (ADVAN3)
0MAXIMUM NO. OF BASIC PK PARAMETERS:   4
0BASIC PK PARAMETERS (AFTER TRANSLATION):
   BASIC PK PARAMETER NO.  1: ELIMINATION RATE (K)
   BASIC PK PARAMETER NO.  2: CENTRAL-TO-PERIPH. RATE (K12)
   BASIC PK PARAMETER NO.  3: PERIPH.-TO-CENTRAL RATE (K21)
 TRANSLATOR WILL CONVERT PARAMETERS
 CL, V1, Q, V2 TO K, K12, K21 (TRANS4)
0COMPARTMENT ATTRIBUTES
 COMPT. NO.   FUNCTION   INITIAL    ON/OFF      DOSE      DEFAULT    DEFAULT
                         STATUS     ALLOWED    ALLOWED    FOR DOSE   FOR OBS.
    1         CENTRAL      ON         NO         YES        YES        YES
    2         PERIPH.      ON         NO         YES        NO         NO
    3         OUTPUT       OFF        YES        NO         NO         NO
1
 ADDITIONAL PK PARAMETERS - ASSIGNMENT OF ROWS IN GG
 COMPT. NO.                             INDICES
              SCALE      BIOAVAIL.   ZERO-ORDER  ZERO-ORDER  ABSORB
                         FRACTION    RATE        DURATION    LAG
    1            5           *           *           *           *
    2            6           *           *           *           *
    3            *           -           -           -           -
             - PARAMETER IS NOT ALLOWED FOR THIS MODEL
             * PARAMETER IS NOT SUPPLIED BY PK SUBROUTINE;
               WILL DEFAULT TO ONE IF APPLICABLE
0DATA ITEM INDICES USED BY PRED ARE:
   EVENT ID DATA ITEM IS DATA ITEM NO.:      9
   TIME DATA ITEM IS DATA ITEM NO.:          4
   DOSE AMOUNT DATA ITEM IS DATA ITEM NO.:  10
   DOSE RATE DATA ITEM IS DATA ITEM NO.:    11
   INTERVAL DATA ITEM IS DATA ITEM NO.:     14
   ADDL. DOSES DATA ITEM IS DATA ITEM NO.:  13

0PK SUBROUTINE CALLED WITH EVERY EVENT RECORD.
 PK SUBROUTINE NOT CALLED AT NONEVENT (ADDITIONAL OR LAGGED) DOSE TIMES.
0ERROR SUBROUTINE CALLED WITH EVERY EVENT RECORD.
1


 #TBLN:      1
 #METH: First Order Conditional Estimation with Interaction

 ESTIMATION STEP OMITTED:                 NO
 ANALYSIS TYPE:                           POPULATION
 NUMBER OF SADDLE POINT RESET ITERATIONS:      0
 GRADIENT METHOD USED:               NOSLOW
 CONDITIONAL ESTIMATES USED:              YES
 CENTERED ETA:                            NO
 EPS-ETA INTERACTION:                     YES
 LAPLACIAN OBJ. FUNC.:                    NO
 NO. OF FUNCT. EVALS. ALLOWED:            9999
 NO. OF SIG. FIGURES REQUIRED:            3
 INTERMEDIATE PRINTOUT:                   YES
 ESTIMATE OUTPUT TO MSF:                  NO
 IND. OBJ. FUNC. VALUES SORTED:           NO
 NUMERICAL DERIVATIVE
       FILE REQUEST (NUMDER):               NONE
 MAP (ETAHAT) ESTIMATION METHOD (OPTMAP):   0
 ETA HESSIAN EVALUATION METHOD (ETADER):    0
 INITIAL ETA FOR MAP ESTIMATION (MCETA):    0
 SIGDIGITS FOR MAP ESTIMATION (SIGLO):      100
 GRADIENT SIGDIGITS OF
       FIXED EFFECTS PARAMETERS (SIGL):     100
 NOPRIOR SETTING (NOPRIOR):                 0
 NOCOV SETTING (NOCOV):                     OFF
 DERCONT SETTING (DERCONT):                 OFF
 FINAL ETA RE-EVALUATION (FNLETA):          1
 EXCLUDE NON-INFLUENTIAL (NON-INFL.) ETAS
       IN SHRINKAGE (ETASTYPE):             YES
 NON-INFL. ETA CORRECTION (NONINFETA):      0
 RAW OUTPUT FILE (FILE): psn.ext
 EXCLUDE TITLE (NOTITLE):                   NO
 EXCLUDE COLUMN LABELS (NOLABEL):           NO
 FORMAT FOR ADDITIONAL FILES (FORMAT):      S1PE12.5
 PARAMETER ORDER FOR OUTPUTS (ORDER):       TSOL
 KNUTHSUMOFF:                               0
 INCLUDE LNTWOPI:                           NO
 INCLUDE CONSTANT TERM TO PRIOR (PRIORC):   NO
 INCLUDE CONSTANT TERM TO OMEGA (ETA) (OLNTWOPI):NO
 ADDITIONAL CONVERGENCE TEST (CTYPE=4)?:    NO
 EM OR BAYESIAN METHOD USED:                 NONE


 THE FOLLOWING LABELS ARE EQUIVALENT
 PRED=PREDI
 RES=RESI
 WRES=WRESI
 IWRS=IWRESI
 IPRD=IPREDI
 IRS=IRESI

 MONITORING OF SEARCH:


0ITERATION NO.:    0    OBJECTIVE VALUE:  -4877.86007710426        NO. OF FUNC. EVALS.:   7
 CUMULATIVE NO. OF FUNC. EVALS.:        7
 NPARAMETR:  2.0000E-02  3.0000E+00  5.0000E-02  3.0000E+00  1.0000E-01  1.0000E-01  1.0000E-01  1.0000E-01  1.0000E-01
 PARAMETER:  1.0000E-01  1.0000E-01  1.0000E-01  1.0000E-01  1.0000E-01  1.0000E-01  1.0000E-01  1.0000E-01  1.0000E-01
 GRADIENT:  -2.9136E+01  1.7572E-01  2.7208E+01  1.4788E+01 -9.2318E+01 -2.3121E+01 -1.4930E+01 -1.6220E+00  6.2433E+00

0ITERATION NO.:    5    OBJECTIVE VALUE:  -4882.94277698322        NO. OF FUNC. EVALS.:  54
 CUMULATIVE NO. OF FUNC. EVALS.:       61
 NPARAMETR:  2.3592E-02  2.9902E+00  4.6571E-02  2.8653E+00  1.0138E-01  1.6747E-01  1.4656E-01  1.0053E-01  8.2726E-02
 PARAMETER:  2.6515E-01  9.6729E-02  2.8963E-02  5.4052E-02  1.1373E-01  3.5781E-01  2.9113E-01  1.0266E-01  5.1801E-03
 GRADIENT:   2.4747E+01 -3.9447E+00  2.4779E+00 -8.1570E+00 -4.5980E+01  5.0388E+00  4.6989E+00  1.3308E+00 -8.0909E-01

0ITERATION NO.:   10    OBJECTIVE VALUE:  -4884.72575036048        NO. OF FUNC. EVALS.:  87
 CUMULATIVE NO. OF FUNC. EVALS.:      148
 NPARAMETR:  2.2218E-02  3.0269E+00  4.5861E-02  2.8922E+00  1.0285E-01  1.4484E-01  1.3262E-01  8.9370E-02  8.4248E-02
 PARAMETER:  2.0517E-01  1.0893E-01  1.3586E-02  6.3420E-02  1.2813E-01  2.8524E-01  2.4114E-01  4.3808E-02  1.4298E-02
 GRADIENT:   8.6717E+00 -2.1997E-01 -2.0624E+00 -2.9897E+00  1.4194E+00  5.9131E-01  2.6918E-01 -1.1416E+00  3.9048E-02

0ITERATION NO.:   15    OBJECTIVE VALUE:  -4884.87343675613        NO. OF FUNC. EVALS.:  81
 CUMULATIVE NO. OF FUNC. EVALS.:      229
 NPARAMETR:  2.1643E-02  3.0280E+00  4.6160E-02  2.9095E+00  1.0279E-01  1.4236E-01  1.3182E-01  9.4002E-02  8.4025E-02
 PARAMETER:  1.7896E-01  1.0930E-01  2.0088E-02  6.9379E-02  1.2752E-01  2.7661E-01  2.3813E-01  6.9072E-02  1.2973E-02
 GRADIENT:  -2.5404E-03 -4.9108E-04  6.8327E-03  5.8497E-03  5.4561E-02 -9.3861E-03 -8.6474E-03  4.0403E-03  5.0326E-03

 #TERM:
0MINIMIZATION SUCCESSFUL
 NO. OF FUNCTION EVALUATIONS USED:      229
 NO. OF SIG. DIGITS IN FINAL EST.:  3.1

 ETABAR IS THE ARITHMETIC MEAN OF THE ETA-ESTIMATES,
 AND THE P-VALUE IS GIVEN FOR THE NULL HYPOTHESIS THAT THE TRUE MEAN IS 0.

 ETABAR:         6.2548E-04 -1.6046E-03  2.7376E-03  4.7931E-03
 SE:             7.6909E-02  7.3783E-02  5.2930E-02  5.5651E-02
 N:                      24          24          24          24

 P VAL.:         9.9351E-01  9.8265E-01  9.5875E-01  9.3136E-01

 ETASHRINKSD(%)  1.4201E-01  4.4195E-01  1.5425E+01  5.9459E+00
 ETASHRINKVR(%)  2.8382E-01  8.8195E-01  2.8471E+01  1.1538E+01
 EBVSHRINKSD(%)  1.6209E-01  3.4897E-01  1.5440E+01  5.3485E+00
 EBVSHRINKVR(%)  3.2391E-01  6.9672E-01  2.8497E+01  1.0411E+01
 RELATIVEINF(%)  9.9674E+01  9.9269E+01  7.1478E+01  8.9585E+01
 EPSSHRINKSD(%)  4.6157E+00
 EPSSHRINKVR(%)  9.0183E+00

  
 TOTAL DATA POINTS NORMALLY DISTRIBUTED (N):          936
 N*LOG(2PI) CONSTANT TO OBJECTIVE FUNCTION:    1720.2529341591473     
 OBJECTIVE FUNCTION VALUE WITHOUT CONSTANT:   -4884.8734367561347     
 OBJECTIVE FUNCTION VALUE WITH CONSTANT:      -3164.6205025969875     
 REPORTED OBJECTIVE FUNCTION DOES NOT CONTAIN CONSTANT
  
 TOTAL EFFECTIVE ETAS (NIND*NETA):                            96
  
 #TERE:
 Elapsed estimation  time in seconds:     3.41
 Elapsed covariance  time in seconds:     2.26
 Elapsed postprocess time in seconds:     3.01
1
 
 
 
 
 
 
 
 
 
 
 
 
 
 
 
 
 
 
 
 
 ************************************************************************************************************************
 ********************                                                                                ********************
 ********************               FIRST ORDER CONDITIONAL ESTIMATION WITH INTERACTION              ********************
 #OBJT:**************                       MINIMUM VALUE OF OBJECTIVE FUNCTION                      ********************
 ********************                                                                                ********************
 ************************************************************************************************************************
 





 #OBJV:********************************************    -4884.873       **************************************************
1
 ************************************************************************************************************************
 ********************                                                                                ********************
 ********************               FIRST ORDER CONDITIONAL ESTIMATION WITH INTERACTION              ********************
 ********************                             FINAL PARAMETER ESTIMATE                           ********************
 ********************                                                                                ********************
 ************************************************************************************************************************
 


 THETA - VECTOR OF FIXED EFFECTS PARAMETERS   *********


         TH 1      TH 2      TH 3      TH 4      TH 5      TH 6     
 
         2.16E-02  3.03E+00  4.62E-02  2.91E+00  1.03E-01  0.00E+00
 


 OMEGA - COV MATRIX FOR RANDOM EFFECTS - ETAS  ********


         ETA1      ETA2      ETA3      ETA4     
 
 ETA1
+        1.42E-01
 
 ETA2
+        0.00E+00  1.32E-01
 
 ETA3
+        0.00E+00  0.00E+00  9.40E-02
 
 ETA4
+        0.00E+00  0.00E+00  0.00E+00  8.40E-02
 


 SIGMA - COV MATRIX FOR RANDOM EFFECTS - EPSILONS  ****


         EPS1     
 
 EPS1
+        1.00E+00
 
1


 OMEGA - CORR MATRIX FOR RANDOM EFFECTS - ETAS  *******


         ETA1      ETA2      ETA3      ETA4     
 
 ETA1
+        3.77E-01
 
 ETA2
+        0.00E+00  3.63E-01
 
 ETA3
+        0.00E+00  0.00E+00  3.07E-01
 
 ETA4
+        0.00E+00  0.00E+00  0.00E+00  2.90E-01
 


 SIGMA - CORR MATRIX FOR RANDOM EFFECTS - EPSILONS  ***


         EPS1     
 
 EPS1
+        1.00E+00
 
1
 ************************************************************************************************************************
 ********************                                                                                ********************
 ********************               FIRST ORDER CONDITIONAL ESTIMATION WITH INTERACTION              ********************
 ********************                            STANDARD ERROR OF ESTIMATE                          ********************
 ********************                                                                                ********************
 ************************************************************************************************************************
 


 THETA - VECTOR OF FIXED EFFECTS PARAMETERS   *********


         TH 1      TH 2      TH 3      TH 4      TH 5      TH 6     
 
         1.67E-03  2.28E-01  3.50E-03  1.88E-01  3.00E-03 .........
 


 OMEGA - COV MATRIX FOR RANDOM EFFECTS - ETAS  ********


         ETA1      ETA2      ETA3      ETA4     
 
 ETA1
+        3.23E-02
 
 ETA2
+       .........  2.96E-02
 
 ETA3
+       ......... .........  2.91E-02
 
 ETA4
+       ......... ......... .........  2.30E-02
 


 SIGMA - COV MATRIX FOR RANDOM EFFECTS - EPSILONS  ****


         EPS1     
 
 EPS1
+       .........
 
1


 OMEGA - CORR MATRIX FOR RANDOM EFFECTS - ETAS  *******


         ETA1      ETA2      ETA3      ETA4     
 
 ETA1
+        4.28E-02
 
 ETA2
+       .........  4.08E-02
 
 ETA3
+       ......... .........  4.75E-02
 
 ETA4
+       ......... ......... .........  3.97E-02
 


 SIGMA - CORR MATRIX FOR RANDOM EFFECTS - EPSILONS  ***


         EPS1     
 
 EPS1
+       .........
 
1
 ************************************************************************************************************************
 ********************                                                                                ********************
 ********************               FIRST ORDER CONDITIONAL ESTIMATION WITH INTERACTION              ********************
 ********************                          COVARIANCE MATRIX OF ESTIMATE                         ********************
 ********************                                                                                ********************
 ************************************************************************************************************************
 

            TH 1      TH 2      TH 3      TH 4      TH 5      TH 6      OM11      OM12      OM13      OM14      OM22      OM23  
             OM24      OM33      OM34      OM44      SG11  
 
 TH 1
+        2.78E-06
 
 TH 2
+        3.03E-05  5.18E-02
 
 TH 3
+       -4.55E-08 -2.25E-05  1.23E-05
 
 TH 4
+        2.24E-05 -9.32E-03 -1.13E-04  3.53E-02
 
 TH 5
+        1.28E-06  4.48E-07  4.04E-07  1.13E-04  9.01E-06
 
 TH 6
+       ......... ......... ......... ......... ......... .........
 
 OM11
+        5.82E-06  3.54E-03  2.00E-05 -1.89E-03  3.12E-05 .........  1.04E-03
 
 OM12
+       ......... ......... ......... ......... ......... ......... ......... .........
 
 OM13
+       ......... ......... ......... ......... ......... ......... ......... ......... .........
 
 OM14
+       ......... ......... ......... ......... ......... ......... ......... ......... ......... .........
 
 OM22
+        1.86E-05  2.46E-03 -2.43E-06 -1.42E-04  1.29E-05 .........  3.75E-04 ......... ......... .........  8.79E-04
 
 OM23
+       ......... ......... ......... ......... ......... ......... ......... ......... ......... ......... ......... .........
 
 OM24
+       ......... ......... ......... ......... ......... ......... ......... ......... ......... ......... ......... .........
         .........
 
 OM33
+       -1.08E-07  1.11E-03 -1.25E-05  1.61E-03 -1.81E-06 ......... -1.98E-04 ......... ......... ......... -3.10E-05 .........
         .........  8.48E-04
 
 OM34
+       ......... ......... ......... ......... ......... ......... ......... ......... ......... ......... ......... .........
         ......... ......... .........
 
 OM44
+       -7.20E-06 -4.19E-04 -9.41E-06 -1.76E-03 -1.91E-05 ......... -5.42E-05 ......... ......... ......... -1.86E-04 .........
         ......... -5.33E-05 .........  5.31E-04
 
 SG11
+       ......... ......... ......... ......... ......... ......... ......... ......... ......... ......... ......... .........
         ......... ......... ......... ......... .........
 
1
 ************************************************************************************************************************
 ********************                                                                                ********************
 ********************               FIRST ORDER CONDITIONAL ESTIMATION WITH INTERACTION              ********************
 ********************                          CORRELATION MATRIX OF ESTIMATE                        ********************
 ********************                                                                                ********************
 ************************************************************************************************************************
 

            TH 1      TH 2      TH 3      TH 4      TH 5      TH 6      OM11      OM12      OM13      OM14      OM22      OM23  
             OM24      OM33      OM34      OM44      SG11  
 
 TH 1
+        1.67E-03
 
 TH 2
+        7.99E-02  2.28E-01
 
 TH 3
+       -7.79E-03 -2.82E-02  3.50E-03
 
 TH 4
+        7.14E-02 -2.18E-01 -1.72E-01  1.88E-01
 
 TH 5
+        2.56E-01  6.55E-04  3.84E-02  2.00E-01  3.00E-03
 
 TH 6
+       ......... ......... ......... ......... ......... .........
 
 OM11
+        1.08E-01  4.82E-01  1.77E-01 -3.11E-01  3.21E-01 .........  3.23E-02
 
 OM12
+       ......... ......... ......... ......... ......... ......... ......... .........
 
 OM13
+       ......... ......... ......... ......... ......... ......... ......... ......... .........
 
 OM14
+       ......... ......... ......... ......... ......... ......... ......... ......... ......... .........
 
 OM22
+        3.77E-01  3.64E-01 -2.35E-02 -2.55E-02  1.45E-01 .........  3.92E-01 ......... ......... .........  2.96E-02
 
 OM23
+       ......... ......... ......... ......... ......... ......... ......... ......... ......... ......... ......... .........
 
 OM24
+       ......... ......... ......... ......... ......... ......... ......... ......... ......... ......... ......... .........
         .........
 
 OM33
+       -2.22E-03  1.67E-01 -1.22E-01  2.95E-01 -2.07E-02 ......... -2.11E-01 ......... ......... ......... -3.60E-02 .........
         .........  2.91E-02
 
 OM34
+       ......... ......... ......... ......... ......... ......... ......... ......... ......... ......... ......... .........
         ......... ......... .........
 
 OM44
+       -1.87E-01 -7.99E-02 -1.17E-01 -4.06E-01 -2.77E-01 ......... -7.28E-02 ......... ......... ......... -2.73E-01 .........
         ......... -7.94E-02 .........  2.30E-02
 
 SG11
+       ......... ......... ......... ......... ......... ......... ......... ......... ......... ......... ......... .........
         ......... ......... ......... ......... .........
 
1
 ************************************************************************************************************************
 ********************                                                                                ********************
 ********************               FIRST ORDER CONDITIONAL ESTIMATION WITH INTERACTION              ********************
 ********************                      INVERSE COVARIANCE MATRIX OF ESTIMATE                     ********************
 ********************                                                                                ********************
 ************************************************************************************************************************
 

            TH 1      TH 2      TH 3      TH 4      TH 5      TH 6      OM11      OM12      OM13      OM14      OM22      OM23  
             OM24      OM33      OM34      OM44      SG11  
 
 TH 1
+        4.47E+05
 
 TH 2
+        1.51E+01  3.21E+01
 
 TH 3
+       -1.45E+03  2.29E+02  9.23E+04
 
 TH 4
+        6.28E+01  7.05E+00  4.03E+02  4.73E+01
 
 TH 5
+       -5.80E+04  3.94E+02  4.31E+03 -5.34E+02  1.55E+05
 
 TH 6
+       ......... ......... ......... ......... ......... .........
 
 OM11
+        2.89E+03 -1.10E+02 -2.22E+03  6.48E+01 -7.15E+03 .........  1.93E+03
 
 OM12
+       ......... ......... ......... ......... ......... ......... ......... .........
 
 OM13
+       ......... ......... ......... ......... ......... ......... ......... ......... .........
 
 OM14
+       ......... ......... ......... ......... ......... ......... ......... ......... ......... .........
 
 OM22
+       -9.65E+03 -4.29E+01  1.35E+03 -2.83E+00  1.48E+03 ......... -4.65E+02 ......... ......... .........  1.75E+03
 
 OM23
+       ......... ......... ......... ......... ......... ......... ......... ......... ......... ......... ......... .........
 
 OM24
+       ......... ......... ......... ......... ......... ......... ......... ......... ......... ......... ......... .........
         .........
 
 OM33
+        1.62E+02 -7.63E+01  5.24E+01 -6.99E+01 -5.33E+02 .........  4.03E+02 ......... ......... .........  6.83E+01 .........
         .........  1.50E+03
 
 OM34
+       ......... ......... ......... ......... ......... ......... ......... ......... ......... ......... ......... .........
         ......... ......... .........
 
 OM44
+        1.08E+03  3.32E+01  3.54E+03  1.49E+02  3.15E+03 ......... -5.63E+01 ......... ......... .........  4.76E+02 .........
         ......... -9.19E+01 .........  2.75E+03
 
 SG11
+       ......... ......... ......... ......... ......... ......... ......... ......... ......... ......... ......... .........
         ......... ......... ......... ......... .........
 
1
 
 
 
 
 
 
 
 
 
 
 
 
 
 
 
 
 
 
 
 
 ************************************************************************************************************************
 ********************                                                                                ********************
 ********************               FIRST ORDER CONDITIONAL ESTIMATION WITH INTERACTION              ********************
 ********************                      EIGENVALUES OF COR MATRIX OF ESTIMATE                     ********************
 ********************                                                                                ********************
 ************************************************************************************************************************
 

             1         2         3         4         5         6         7         8         9
 
         3.01E-01  3.86E-01  4.63E-01  7.56E-01  8.55E-01  9.96E-01  1.25E+00  1.79E+00  2.20E+00
 
 Elapsed finaloutput time in seconds:     0.05
 #CPUT: Total CPU Time in Seconds,        8.854
Stop Time:
Wed Aug  6 19:54:53 EDT 2025
